<?xml version="1.0" encoding="UTF-8"?>
<!-- Generated by org.testng.reporters.JUnitXMLReporter -->
<testsuite ignored="0" hostname="Kapil" failures="2" tests="4" name="Test" time="15.872" errors="0" timestamp="2025-08-24T19:04:16 IST">
  <testcase classname="testCases.TC001_AccountRegistrationTest" name="verify_account_registration" time="2.97"/>
  <testcase classname="testCases.TC002_LoginTest" name="verify_login" time="2.205"/>
  <testcase classname="testCases.TC003_SearchProduct" name="verify_search" time="0.0">
    <failure type="java.lang.Error" message="Unresolved compilation problem: 
	targetproduct cannot be resolved to a variable
">
      <![CDATA[java.lang.Error: Unresolved compilation problem: 
targetproduct cannot be resolved to a variable

at testCases.TC003_SearchProduct.verify_search(TC003_SearchProduct.java:38)
at java.base/java.util.ArrayList.forEach(ArrayList.java:1596)
... Removed 25 stack frames]]>
    </failure>
  </testcase> <!-- verify_search -->
  <testcase classname="testCases.TC003_SearchProduct" name="verify_search" time="0.015">
    <failure type="java.lang.NullPointerException" message="Cannot invoke &amp;quot;org.openqa.selenium.TakesScreenshot.getScreenshotAs(org.openqa.selenium.OutputType)&amp;quot; because &amp;quot;takesScreenshot&amp;quot; is null">
      <![CDATA[java.lang.NullPointerException: Cannot invoke "org.openqa.selenium.TakesScreenshot.getScreenshotAs(org.openqa.selenium.OutputType)" because "takesScreenshot" is null
at testBase.BaseClass.captureScreenshot(BaseClass.java:97)
at utilities.ExtentReportManager.onTestFailure(ExtentReportManager.java:85)
at java.base/java.util.ArrayList.forEach(ArrayList.java:1596)
... Removed 24 stack frames]]>
    </failure>
  </testcase> <!-- verify_search -->
</testsuite> <!-- Test -->
